apps/owner-web/android/app/build/intermediates/manifest_merge_blame_file/release/processReleaseMainManifest/manifest-merger-blame-release-report.txt
1<?xml version="1.0" encoding="utf-8"?>
2<manifest xmlns:android="http://schemas.android.com/apk/res/android"
3    package="com.arrayoperator.app"
4    android:versionCode="1"
5    android:versionName="1.0.0" >
6    <!--
7 Optional: only if camera QR flows added later
8    <uses-permission android:name="android.permission.CAMERA" />
9    -->
10    <uses-sdk
11        android:minSdkVersion="24"
12        android:targetSdkVersion="36" />
13
14    <uses-permission android:name="android.permission.INTERNET" />
14-->src/main/AndroidManifest.xml:52:5-67
14-->src/main/AndroidManifest.xml:52:22-64
15    <uses-permission android:name="android.permission.ACCESS_NETWORK_STATE" />
15-->src/main/AndroidManifest.xml:53:5-79
15-->src/main/AndroidManifest.xml:53:22-76
16    <!-- Energy Agent voice (Realtime WebRTC) -->
17    <uses-permission android:name="android.permission.RECORD_AUDIO" />
17-->src/main/AndroidManifest.xml:55:5-71
17-->src/main/AndroidManifest.xml:55:22-68
18    <uses-permission android:name="android.permission.MODIFY_AUDIO_SETTINGS" />
18-->src/main/AndroidManifest.xml:56:5-80
18-->src/main/AndroidManifest.xml:56:22-77
19
20    <queries>
20-->[:capacitor-browser] AndroidManifest.xml:7:5-11:15
21        <intent>
21-->[:capacitor-browser] AndroidManifest.xml:8:9-10:18
22            <action android:name="android.support.customtabs.action.CustomTabsService" />
22-->[:capacitor-browser] AndroidManifest.xml:9:13-90
22-->[:capacitor-browser] AndroidManifest.xml:9:21-87
23        </intent>
24    </queries>
25
26    <permission
26-->[androidx.core:core:1.17.0] AndroidManifest.xml:22:5-24:47
27        android:name="com.arrayoperator.app.DYNAMIC_RECEIVER_NOT_EXPORTED_PERMISSION"
27-->[androidx.core:core:1.17.0] AndroidManifest.xml:23:9-81
28        android:protectionLevel="signature" />
28-->[androidx.core:core:1.17.0] AndroidManifest.xml:24:9-44
29
30    <uses-permission android:name="com.arrayoperator.app.DYNAMIC_RECEIVER_NOT_EXPORTED_PERMISSION" />
30-->[androidx.core:core:1.17.0] AndroidManifest.xml:26:5-97
30-->[androidx.core:core:1.17.0] AndroidManifest.xml:26:22-94
31
32    <application
32-->src/main/AndroidManifest.xml:3:5-50:19
33        android:allowBackup="true"
33-->src/main/AndroidManifest.xml:4:9-35
34        android:appComponentFactory="androidx.core.app.CoreComponentFactory"
34-->[androidx.core:core:1.17.0] AndroidManifest.xml:28:18-86
35        android:extractNativeLibs="false"
36        android:icon="@mipmap/ic_launcher"
36-->src/main/AndroidManifest.xml:5:9-43
37        android:label="@string/app_name"
37-->src/main/AndroidManifest.xml:6:9-41
38        android:networkSecurityConfig="@xml/network_security_config"
38-->src/main/AndroidManifest.xml:11:9-69
39        android:roundIcon="@mipmap/ic_launcher_round"
39-->src/main/AndroidManifest.xml:7:9-54
40        android:supportsRtl="true"
40-->src/main/AndroidManifest.xml:8:9-35
41        android:theme="@style/AppTheme"
41-->src/main/AndroidManifest.xml:9:9-40
42        android:usesCleartextTraffic="false" >
42-->src/main/AndroidManifest.xml:10:9-45
43        <activity
43-->src/main/AndroidManifest.xml:12:9-41:20
44            android:name="com.arrayoperator.app.MainActivity"
44-->src/main/AndroidManifest.xml:14:13-41
45            android:configChanges="orientation|keyboardHidden|keyboard|screenSize|locale|smallestScreenSize|screenLayout|uiMode|navigation|density"
45-->src/main/AndroidManifest.xml:13:13-148
46            android:exported="true"
46-->src/main/AndroidManifest.xml:18:13-36
47            android:label="@string/title_activity_main"
47-->src/main/AndroidManifest.xml:15:13-56
48            android:launchMode="singleTask"
48-->src/main/AndroidManifest.xml:17:13-44
49            android:theme="@style/AppTheme.NoActionBarLaunch"
49-->src/main/AndroidManifest.xml:16:13-62
50            android:windowSoftInputMode="adjustResize" >
50-->src/main/AndroidManifest.xml:19:13-55
51            <intent-filter>
51-->src/main/AndroidManifest.xml:20:13-23:29
52                <action android:name="android.intent.action.MAIN" />
52-->src/main/AndroidManifest.xml:21:17-69
52-->src/main/AndroidManifest.xml:21:25-66
53
54                <category android:name="android.intent.category.LAUNCHER" />
54-->src/main/AndroidManifest.xml:22:17-77
54-->src/main/AndroidManifest.xml:22:27-74
55            </intent-filter>
56
57            <!-- Custom scheme deep link: arrayoperator://auth?token=… -->
58            <intent-filter>
58-->src/main/AndroidManifest.xml:26:13-31:29
59                <action android:name="android.intent.action.VIEW" />
59-->src/main/AndroidManifest.xml:27:17-69
59-->src/main/AndroidManifest.xml:27:25-66
60
61                <category android:name="android.intent.category.DEFAULT" />
61-->src/main/AndroidManifest.xml:28:17-76
61-->src/main/AndroidManifest.xml:28:27-73
62                <category android:name="android.intent.category.BROWSABLE" />
62-->src/main/AndroidManifest.xml:29:17-78
62-->src/main/AndroidManifest.xml:29:27-75
63
64                <data android:scheme="arrayoperator" />
64-->src/main/AndroidManifest.xml:30:17-56
64-->src/main/AndroidManifest.xml:30:23-53
65            </intent-filter>
66
67            <!-- App Links (verify domain on Play Console + assetlinks.json) -->
68            <intent-filter android:autoVerify="true" >
68-->src/main/AndroidManifest.xml:34:13-40:29
68-->src/main/AndroidManifest.xml:34:28-53
69                <action android:name="android.intent.action.VIEW" />
69-->src/main/AndroidManifest.xml:27:17-69
69-->src/main/AndroidManifest.xml:27:25-66
70
71                <category android:name="android.intent.category.DEFAULT" />
71-->src/main/AndroidManifest.xml:28:17-76
71-->src/main/AndroidManifest.xml:28:27-73
72                <category android:name="android.intent.category.BROWSABLE" />
72-->src/main/AndroidManifest.xml:29:17-78
72-->src/main/AndroidManifest.xml:29:27-75
73
74                <data
74-->src/main/AndroidManifest.xml:30:17-56
75                    android:host="arrayoperator.com"
75-->src/main/AndroidManifest.xml:38:46-78
76                    android:pathPrefix="/m"
76-->src/main/AndroidManifest.xml:38:79-102
77                    android:scheme="https" />
77-->src/main/AndroidManifest.xml:30:23-53
78                <data
78-->src/main/AndroidManifest.xml:30:17-56
79                    android:host="arrayoperator.com"
79-->src/main/AndroidManifest.xml:38:46-78
80                    android:pathPrefix="/login"
80-->src/main/AndroidManifest.xml:38:79-102
81                    android:scheme="https" />
81-->src/main/AndroidManifest.xml:30:23-53
82            </intent-filter>
83        </activity>
84
85        <provider
86            android:name="androidx.core.content.FileProvider"
86-->src/main/AndroidManifest.xml:44:13-62
87            android:authorities="com.arrayoperator.app.fileprovider"
87-->src/main/AndroidManifest.xml:45:13-64
88            android:exported="false"
88-->src/main/AndroidManifest.xml:46:13-37
89            android:grantUriPermissions="true" >
89-->src/main/AndroidManifest.xml:47:13-47
90            <meta-data
90-->src/main/AndroidManifest.xml:48:13-112
91                android:name="android.support.FILE_PROVIDER_PATHS"
91-->src/main/AndroidManifest.xml:48:24-74
92                android:resource="@xml/file_paths" />
92-->src/main/AndroidManifest.xml:48:75-109
93        </provider>
94
95        <activity
95-->[:capacitor-browser] AndroidManifest.xml:14:9-18:75
96            android:name="com.capacitorjs.plugins.browser.BrowserControllerActivity"
96-->[:capacitor-browser] AndroidManifest.xml:15:13-85
97            android:exported="false"
97-->[:capacitor-browser] AndroidManifest.xml:16:13-37
98            android:launchMode="singleTask"
98-->[:capacitor-browser] AndroidManifest.xml:17:13-44
99            android:theme="@android:style/Theme.Translucent.NoTitleBar" />
99-->[:capacitor-browser] AndroidManifest.xml:18:13-72
100
101        <provider
101-->[androidx.emoji2:emoji2:1.3.0] AndroidManifest.xml:24:9-32:20
102            android:name="androidx.startup.InitializationProvider"
102-->[androidx.emoji2:emoji2:1.3.0] AndroidManifest.xml:25:13-67
103            android:authorities="com.arrayoperator.app.androidx-startup"
103-->[androidx.emoji2:emoji2:1.3.0] AndroidManifest.xml:26:13-68
104            android:exported="false" >
104-->[androidx.emoji2:emoji2:1.3.0] AndroidManifest.xml:27:13-37
105            <meta-data
105-->[androidx.emoji2:emoji2:1.3.0] AndroidManifest.xml:29:13-31:52
106                android:name="androidx.emoji2.text.EmojiCompatInitializer"
106-->[androidx.emoji2:emoji2:1.3.0] AndroidManifest.xml:30:17-75
107                android:value="androidx.startup" />
107-->[androidx.emoji2:emoji2:1.3.0] AndroidManifest.xml:31:17-49
108            <meta-data
108-->[androidx.lifecycle:lifecycle-process:2.6.2] AndroidManifest.xml:29:13-31:52
109                android:name="androidx.lifecycle.ProcessLifecycleInitializer"
109-->[androidx.lifecycle:lifecycle-process:2.6.2] AndroidManifest.xml:30:17-78
110                android:value="androidx.startup" />
110-->[androidx.lifecycle:lifecycle-process:2.6.2] AndroidManifest.xml:31:17-49
111            <meta-data
111-->[androidx.profileinstaller:profileinstaller:1.4.0] AndroidManifest.xml:29:13-31:52
112                android:name="androidx.profileinstaller.ProfileInstallerInitializer"
112-->[androidx.profileinstaller:profileinstaller:1.4.0] AndroidManifest.xml:30:17-85
113                android:value="androidx.startup" />
113-->[androidx.profileinstaller:profileinstaller:1.4.0] AndroidManifest.xml:31:17-49
114        </provider>
115
116        <receiver
116-->[androidx.profileinstaller:profileinstaller:1.4.0] AndroidManifest.xml:34:9-52:20
117            android:name="androidx.profileinstaller.ProfileInstallReceiver"
117-->[androidx.profileinstaller:profileinstaller:1.4.0] AndroidManifest.xml:35:13-76
118            android:directBootAware="false"
118-->[androidx.profileinstaller:profileinstaller:1.4.0] AndroidManifest.xml:36:13-44
119            android:enabled="true"
119-->[androidx.profileinstaller:profileinstaller:1.4.0] AndroidManifest.xml:37:13-35
120            android:exported="true"
120-->[androidx.profileinstaller:profileinstaller:1.4.0] AndroidManifest.xml:38:13-36
121            android:permission="android.permission.DUMP" >
121-->[androidx.profileinstaller:profileinstaller:1.4.0] AndroidManifest.xml:39:13-57
122            <intent-filter>
122-->[androidx.profileinstaller:profileinstaller:1.4.0] AndroidManifest.xml:40:13-42:29
123                <action android:name="androidx.profileinstaller.action.INSTALL_PROFILE" />
123-->[androidx.profileinstaller:profileinstaller:1.4.0] AndroidManifest.xml:41:17-91
123-->[androidx.profileinstaller:profileinstaller:1.4.0] AndroidManifest.xml:41:25-88
124            </intent-filter>
125            <intent-filter>
125-->[androidx.profileinstaller:profileinstaller:1.4.0] AndroidManifest.xml:43:13-45:29
126                <action android:name="androidx.profileinstaller.action.SKIP_FILE" />
126-->[androidx.profileinstaller:profileinstaller:1.4.0] AndroidManifest.xml:44:17-85
126-->[androidx.profileinstaller:profileinstaller:1.4.0] AndroidManifest.xml:44:25-82
127            </intent-filter>
128            <intent-filter>
128-->[androidx.profileinstaller:profileinstaller:1.4.0] AndroidManifest.xml:46:13-48:29
129                <action android:name="androidx.profileinstaller.action.SAVE_PROFILE" />
129-->[androidx.profileinstaller:profileinstaller:1.4.0] AndroidManifest.xml:47:17-88
129-->[androidx.profileinstaller:profileinstaller:1.4.0] AndroidManifest.xml:47:25-85
130            </intent-filter>
131            <intent-filter>
131-->[androidx.profileinstaller:profileinstaller:1.4.0] AndroidManifest.xml:49:13-51:29
132                <action android:name="androidx.profileinstaller.action.BENCHMARK_OPERATION" />
132-->[androidx.profileinstaller:profileinstaller:1.4.0] AndroidManifest.xml:50:17-95
132-->[androidx.profileinstaller:profileinstaller:1.4.0] AndroidManifest.xml:50:25-92
133            </intent-filter>
134        </receiver>
135    </application>
136
137</manifest>